2021-03-28 09:56:25,936 - mmdet - INFO - Environment info:
------------------------------------------------------------
sys.platform: linux
Python: 3.7.10 (default, Feb 26 2021, 18:47:35) [GCC 7.3.0]
CUDA available: True
GPU 0,1: GeForce RTX 2080 Ti
CUDA_HOME: /usr/local/cuda-11.2
NVCC: Build cuda_11.2.r11.2/compiler.29373293_0
GCC: gcc (Ubuntu 7.5.0-3ubuntu1~18.04) 7.5.0
PyTorch: 1.8.1
PyTorch compiling details: PyTorch built with:
  - GCC 7.3
  - C++ Version: 201402
  - Intel(R) Math Kernel Library Version 2020.0.2 Product Build 20200624 for Intel(R) 64 architecture applications
  - Intel(R) MKL-DNN v1.7.0 (Git Hash 7aed236906b1f7a05c0917e5257a1af05e9ff683)
  - OpenMP 201511 (a.k.a. OpenMP 4.5)
  - NNPACK is enabled
  - CPU capability usage: AVX2
  - CUDA Runtime 10.2
  - NVCC architecture flags: -gencode;arch=compute_37,code=sm_37;-gencode;arch=compute_50,code=sm_50;-gencode;arch=compute_60,code=sm_60;-gencode;arch=compute_61,code=sm_61;-gencode;arch=compute_70,code=sm_70;-gencode;arch=compute_75,code=sm_75;-gencode;arch=compute_37,code=compute_37
  - CuDNN 7.6.5
  - Magma 2.5.2
  - Build settings: BLAS_INFO=mkl, BUILD_TYPE=Release, CUDA_VERSION=10.2, CUDNN_VERSION=7.6.5, CXX_COMPILER=/opt/rh/devtoolset-7/root/usr/bin/c++, CXX_FLAGS= -Wno-deprecated -fvisibility-inlines-hidden -DUSE_PTHREADPOOL -fopenmp -DNDEBUG -DUSE_KINETO -DUSE_FBGEMM -DUSE_QNNPACK -DUSE_PYTORCH_QNNPACK -DUSE_XNNPACK -O2 -fPIC -Wno-narrowing -Wall -Wextra -Werror=return-type -Wno-missing-field-initializers -Wno-type-limits -Wno-array-bounds -Wno-unknown-pragmas -Wno-sign-compare -Wno-unused-parameter -Wno-unused-variable -Wno-unused-function -Wno-unused-result -Wno-unused-local-typedefs -Wno-strict-overflow -Wno-strict-aliasing -Wno-error=deprecated-declarations -Wno-stringop-overflow -Wno-psabi -Wno-error=pedantic -Wno-error=redundant-decls -Wno-error=old-style-cast -fdiagnostics-color=always -faligned-new -Wno-unused-but-set-variable -Wno-maybe-uninitialized -fno-math-errno -fno-trapping-math -Werror=format -Wno-stringop-overflow, LAPACK_INFO=mkl, PERF_WITH_AVX=1, PERF_WITH_AVX2=1, PERF_WITH_AVX512=1, TORCH_VERSION=1.8.1, USE_CUDA=ON, USE_CUDNN=ON, USE_EXCEPTION_PTR=1, USE_GFLAGS=OFF, USE_GLOG=OFF, USE_MKL=ON, USE_MKLDNN=ON, USE_MPI=OFF, USE_NCCL=ON, USE_NNPACK=ON, USE_OPENMP=ON, 

TorchVision: 0.9.1
OpenCV: 4.5.1
MMCV: 1.2.7
MMCV Compiler: GCC 7.5
MMCV CUDA Compiler: 11.2
MMDetection: 2.10.0+5af5063
------------------------------------------------------------

2021-03-28 09:56:27,623 - mmdet - INFO - Distributed training: False
2021-03-28 09:56:29,312 - mmdet - INFO - Config:
checkpoint_config = dict(interval=1)
log_config = dict(interval=50, hooks=[dict(type='TextLoggerHook')])
custom_hooks = [dict(type='NumClassCheckHook')]
dist_params = dict(backend='nccl')
log_level = 'INFO'
load_from = None
resume_from = '/home/hongbin/Downloads/mmdetection/work_dirs/my_custom_config_0327/latest.pth'
workflow = [('train', 1)]
model = dict(
    type='YOLOV3',
    pretrained='open-mmlab://darknet53',
    backbone=dict(type='Darknet', depth=53, out_indices=(3, 4, 5)),
    neck=dict(
        type='YOLOV3Neck',
        num_scales=3,
        in_channels=[1024, 512, 256],
        out_channels=[512, 256, 128]),
    bbox_head=dict(
        type='YOLOV3Head',
        num_classes=8,
        in_channels=[512, 256, 128],
        out_channels=[1024, 512, 256],
        anchor_generator=dict(
            type='YOLOAnchorGenerator',
            base_sizes=[[(116, 90), (156, 198), (373, 326)],
                        [(30, 61), (62, 45), (59, 119)],
                        [(10, 13), (16, 30), (33, 23)]],
            strides=[32, 16, 8]),
        bbox_coder=dict(type='YOLOBBoxCoder'),
        featmap_strides=[32, 16, 8],
        loss_cls=dict(
            type='CrossEntropyLoss',
            use_sigmoid=True,
            loss_weight=1.0,
            reduction='sum'),
        loss_conf=dict(
            type='CrossEntropyLoss',
            use_sigmoid=True,
            loss_weight=1.0,
            reduction='sum'),
        loss_xy=dict(
            type='CrossEntropyLoss',
            use_sigmoid=True,
            loss_weight=2.0,
            reduction='sum'),
        loss_wh=dict(type='MSELoss', loss_weight=2.0, reduction='sum')),
    train_cfg=dict(
        assigner=dict(
            type='GridAssigner',
            pos_iou_thr=0.5,
            neg_iou_thr=0.5,
            min_pos_iou=0)),
    test_cfg=dict(
        nms_pre=1000,
        min_bbox_size=0,
        score_thr=0.05,
        conf_thr=0.005,
        nms=dict(type='nms', iou_threshold=0.45),
        max_per_img=100))
dataset_type = 'CocoDataset'
classes = ('Car', 'Van', 'Truck', 'Pedestrian', 'Person_sitting', 'Cyclist',
           'Tram', 'Misc')
data_root = '/home/hongbin/Downloads/mmdetection/data/KITTI/'
img_norm_cfg = dict(
    mean=[0.3676692, 0.38692534, 0.37536806],
    std=[0.3676692, 0.38692534, 0.37536806],
    to_rgb=True)
train_pipeline = [
    dict(type='LoadImageFromFile', to_float32=True),
    dict(type='LoadAnnotations', with_bbox=True),
    dict(type='PhotoMetricDistortion'),
    dict(
        type='Expand',
        mean=[0.3676692, 0.38692534, 0.37536806],
        to_rgb=True,
        ratio_range=(1, 2)),
    dict(
        type='MinIoURandomCrop',
        min_ious=(0.4, 0.5, 0.6, 0.7, 0.8, 0.9),
        min_crop_size=0.3),
    dict(type='Resize', img_scale=[(320, 320), (608, 608)], keep_ratio=True),
    dict(type='RandomFlip', flip_ratio=0.5),
    dict(
        type='Normalize',
        mean=[0.3676692, 0.38692534, 0.37536806],
        std=[0.3676692, 0.38692534, 0.37536806],
        to_rgb=True),
    dict(type='Pad', size_divisor=32),
    dict(type='DefaultFormatBundle'),
    dict(type='Collect', keys=['img', 'gt_bboxes', 'gt_labels'])
]
test_pipeline = [
    dict(type='LoadImageFromFile'),
    dict(
        type='MultiScaleFlipAug',
        img_scale=(608, 608),
        flip=False,
        transforms=[
            dict(type='Resize', keep_ratio=True),
            dict(type='RandomFlip'),
            dict(
                type='Normalize',
                mean=[0.3676692, 0.38692534, 0.37536806],
                std=[0.3676692, 0.38692534, 0.37536806],
                to_rgb=True),
            dict(type='Pad', size_divisor=32),
            dict(type='ImageToTensor', keys=['img']),
            dict(type='Collect', keys=['img'])
        ])
]
data = dict(
    samples_per_gpu=8,
    workers_per_gpu=2,
    train=dict(
        type='CocoDataset',
        classes=('Car', 'Van', 'Truck', 'Pedestrian', 'Person_sitting',
                 'Cyclist', 'Tram', 'Misc'),
        ann_file=
        '/home/hongbin/Downloads/mmdetection/data/KITTI/annotations/train.json',
        img_prefix='/home/hongbin/Downloads/mmdetection/data/KITTI/train/',
        pipeline=[
            dict(type='LoadImageFromFile', to_float32=True),
            dict(type='LoadAnnotations', with_bbox=True),
            dict(type='PhotoMetricDistortion'),
            dict(
                type='Expand',
                mean=[0.3676692, 0.38692534, 0.37536806],
                to_rgb=True,
                ratio_range=(1, 2)),
            dict(
                type='MinIoURandomCrop',
                min_ious=(0.4, 0.5, 0.6, 0.7, 0.8, 0.9),
                min_crop_size=0.3),
            dict(
                type='Resize',
                img_scale=[(320, 320), (608, 608)],
                keep_ratio=True),
            dict(type='RandomFlip', flip_ratio=0.5),
            dict(
                type='Normalize',
                mean=[0.3676692, 0.38692534, 0.37536806],
                std=[0.3676692, 0.38692534, 0.37536806],
                to_rgb=True),
            dict(type='Pad', size_divisor=32),
            dict(type='DefaultFormatBundle'),
            dict(type='Collect', keys=['img', 'gt_bboxes', 'gt_labels'])
        ]),
    val=dict(
        type='CocoDataset',
        classes=('Car', 'Van', 'Truck', 'Pedestrian', 'Person_sitting',
                 'Cyclist', 'Tram', 'Misc'),
        ann_file=
        '/home/hongbin/Downloads/mmdetection/data/KITTI/annotations/val.json',
        img_prefix='/home/hongbin/Downloads/mmdetection/data/KITTI/val/',
        pipeline=[
            dict(type='LoadImageFromFile'),
            dict(
                type='MultiScaleFlipAug',
                img_scale=(608, 608),
                flip=False,
                transforms=[
                    dict(type='Resize', keep_ratio=True),
                    dict(type='RandomFlip'),
                    dict(
                        type='Normalize',
                        mean=[0.3676692, 0.38692534, 0.37536806],
                        std=[0.3676692, 0.38692534, 0.37536806],
                        to_rgb=True),
                    dict(type='Pad', size_divisor=32),
                    dict(type='ImageToTensor', keys=['img']),
                    dict(type='Collect', keys=['img'])
                ])
        ]),
    test=dict(
        type='CocoDataset',
        classes=('Car', 'Van', 'Truck', 'Pedestrian', 'Person_sitting',
                 'Cyclist', 'Tram', 'Misc'),
        ann_file=
        '/home/hongbin/Downloads/mmdetection/data/KITTI/annotations/test.json',
        img_prefix='/home/hongbin/Downloads/mmdetection/data/KITTI/test/',
        pipeline=[
            dict(type='LoadImageFromFile'),
            dict(
                type='MultiScaleFlipAug',
                img_scale=(608, 608),
                flip=False,
                transforms=[
                    dict(type='Resize', keep_ratio=True),
                    dict(type='RandomFlip'),
                    dict(
                        type='Normalize',
                        mean=[0.3676692, 0.38692534, 0.37536806],
                        std=[0.3676692, 0.38692534, 0.37536806],
                        to_rgb=True),
                    dict(type='Pad', size_divisor=32),
                    dict(type='ImageToTensor', keys=['img']),
                    dict(type='Collect', keys=['img'])
                ])
        ]))
optimizer = dict(type='Adagrad', lr=0.01, weight_decay=0.0005, eps=1e-10)
optimizer_config = dict(grad_clip=dict(max_norm=35, norm_type=2))
policy = ('CosineAnealing', )
lr_config = dict(
    policy='CosineAnnealing',
    min_lr_ratio=0.001,
    by_epoch=False,
    warmup='linear',
    warmup_iters=1500,
    warmup_ratio=0.1)
total_epochs = 50
evaluation = dict(interval=1, metric=['bbox'])
work_dir = './work_dirs/my_custom_config_0327'
gpu_ids = range(0, 1)

2021-03-28 09:56:30,374 - mmdet - INFO - load model from: open-mmlab://darknet53
2021-03-28 09:56:33,752 - mmdet - INFO - load checkpoint from /home/hongbin/Downloads/mmdetection/work_dirs/my_custom_config_0327/latest.pth
2021-03-28 09:56:33,753 - mmdet - INFO - Use load_from_local loader
2021-03-28 09:56:34,106 - mmdet - INFO - resumed epoch 150, iter 112500
2021-03-28 09:56:34,107 - mmdet - INFO - Start running, host: hongbin@hongbin, work_dir: /home/hongbin/Downloads/mmdetection/work_dirs/my_custom_config_0327
2021-03-28 09:56:34,107 - mmdet - INFO - workflow: [('train', 1)], max: 50 epochs
